[01-Apr-2025 21:41:06 UTC] PHP Warning:  Undefined array key "host" in /workspaces/Assignment-4/.wordpress/wp-includes/pluggable.php on line 1625
[01-Apr-2025 22:59:01 UTC] PHP Fatal error:  Out of memory (allocated 35651584) (tried to allocate 2097152 bytes) in /workspaces/Assignment-4/.wordpress/wp-content/plugins/ecommerce-product-catalog/modules/price/price-settings.php on line 22
[01-Apr-2025 22:59:02 UTC] PHP Fatal error:  Out of memory (allocated 33554432) (tried to allocate 2097152 bytes) in /workspaces/Assignment-4/.wordpress/wp-content/plugins/ecommerce-product-catalog/modules/price/price-settings.php on line 22
[01-Apr-2025 22:59:03 UTC] PHP Fatal error:  Out of memory (allocated 31457280) (tried to allocate 2097152 bytes) in /workspaces/Assignment-4/.wordpress/wp-content/plugins/ecommerce-product-catalog/modules/price/price-settings.php on line 22
[01-Apr-2025 22:59:03 UTC] PHP Fatal error:  Out of memory (allocated 31457280) (tried to allocate 2097152 bytes) in /workspaces/Assignment-4/.wordpress/wp-content/plugins/ecommerce-product-catalog/modules/price/price-settings.php on line 21
[01-Apr-2025 23:28:23 UTC] PHP Fatal error:  Out of memory (allocated 37748736) (tried to allocate 2097152 bytes) in /workspaces/Assignment-4/.wordpress/wp-content/plugins/ecommerce-product-catalog/modules/price/price-meta.php on line 31
[01-Apr-2025 23:28:33 UTC] PHP Fatal error:  Out of memory (allocated 35651584) (tried to allocate 2097152 bytes) in /workspaces/Assignment-4/.wordpress/wp-content/plugins/ecommerce-product-catalog/modules/price/price-meta.php on line 31
[01-Apr-2025 23:28:43 UTC] PHP Fatal error:  Out of memory (allocated 33554432) (tried to allocate 2097152 bytes) in /workspaces/Assignment-4/.wordpress/wp-content/plugins/ecommerce-product-catalog/modules/price/price-meta.php on line 31
[01-Apr-2025 23:28:53 UTC] PHP Fatal error:  Out of memory (allocated 31457280) (tried to allocate 2097152 bytes) in /workspaces/Assignment-4/.wordpress/wp-content/plugins/ecommerce-product-catalog/modules/price/price-meta.php on line 31
[01-Apr-2025 23:29:03 UTC] PHP Fatal error:  Out of memory (allocated 31457280) (tried to allocate 2097152 bytes) in /workspaces/Assignment-4/.wordpress/wp-content/plugins/ecommerce-product-catalog/modules/price/price-meta.php on line 31
[01-Apr-2025 23:29:14 UTC] PHP Fatal error:  Out of memory (allocated 31457280) (tried to allocate 2097152 bytes) in /workspaces/Assignment-4/.wordpress/wp-content/plugins/ecommerce-product-catalog/modules/price/price-meta.php on line 31
[01-Apr-2025 23:30:14 UTC] PHP Fatal error:  Out of memory (allocated 31457280) (tried to allocate 2097152 bytes) in /workspaces/Assignment-4/.wordpress/wp-content/plugins/ecommerce-product-catalog/modules/price/price-meta.php on line 31
[01-Apr-2025 23:30:24 UTC] PHP Fatal error:  Out of memory (allocated 31457280) (tried to allocate 2097152 bytes) in /workspaces/Assignment-4/.wordpress/wp-content/plugins/ecommerce-product-catalog/modules/price/price-meta.php on line 31
[01-Apr-2025 23:30:50 UTC] PHP Fatal error:  Out of memory (allocated 31457280) (tried to allocate 2097152 bytes) in /workspaces/Assignment-4/.wordpress/wp-content/plugins/ecommerce-product-catalog/modules/price/price-meta.php on line 31
[01-Apr-2025 23:30:52 UTC] PHP Fatal error:  Out of memory (allocated 31457280) (tried to allocate 2097152 bytes) in /workspaces/Assignment-4/.wordpress/wp-content/plugins/ecommerce-product-catalog/ext-comp/index.php on line 71
[01-Apr-2025 23:31:04 UTC] PHP Fatal error:  Out of memory (allocated 31457280) (tried to allocate 2097152 bytes) in /workspaces/Assignment-4/.wordpress/wp-content/plugins/ecommerce-product-catalog/ext-comp/index.php on line 68
[01-Apr-2025 23:31:25 UTC] PHP Fatal error:  Out of memory (allocated 31457280) (tried to allocate 2097152 bytes) in /workspaces/Assignment-4/.wordpress/wp-content/plugins/ecommerce-product-catalog/functions/functions.php on line 1811
[01-Apr-2025 23:31:26 UTC] PHP Fatal error:  Out of memory (allocated 31457280) (tried to allocate 2097152 bytes) in /workspaces/Assignment-4/.wordpress/wp-content/plugins/ecommerce-product-catalog/functions/shortcodes.php on line 352
[01-Apr-2025 23:31:30 UTC] PHP Fatal error:  Out of memory (allocated 31457280) (tried to allocate 2097152 bytes) in /workspaces/Assignment-4/.wordpress/wp-content/plugins/ecommerce-product-catalog/functions/functions.php on line 1811
[01-Apr-2025 23:34:19 UTC] PHP Fatal error:  Out of memory (allocated 31457280) (tried to allocate 2097152 bytes) in /workspaces/Assignment-4/.wordpress/wp-content/plugins/ecommerce-product-catalog/modules/price/price-settings.php on line 26
